"D:\CLion 2022.1\bin\cmake\win\bin\cmake.exe" -DCMAKE_BUILD_TYPE=Debug "-DCMAKE_MAKE_PROGRAM=D:/CLion 2022.1/bin/ninja/win/ninja.exe" -G Ninja -S E:\code_workplace\eredis\data-process -B E:\code_workplace\eredis\data-process\cmake-build-debug-system
-- The C compiler identification is Clang 14.0.0 with GNU-like command-line
-- The CXX compiler identification is Clang 14.0.0 with GNU-like command-line
-- Detecting C compiler ABI info
-- Detecting C compiler ABI info - failed
-- Check for working C compiler: D:/llvm/bin/clang.exe
-- Check for working C compiler: D:/llvm/bin/clang.exe - broken
CMake Error at D:/CLion 2022.1/bin/cmake/win/share/cmake-3.22/Modules/CMakeTestCCompiler.cmake:69 (message):
  The C compiler

    "D:/llvm/bin/clang.exe"

  is not able to compile a simple test program.

  It fails with the following output:

    Change Dir: E:/code_workplace/eredis/data-process/cmake-build-debug-system/CMakeFiles/CMakeTmp
    
    Run Build Command(s):D:/CLion 2022.1/bin/ninja/win/ninja.exe cmTC_57f9d && [1/2] Building C object CMakeFiles/cmTC_57f9d.dir/testCCompiler.c.obj
    [2/2] Linking C executable cmTC_57f9d.exe
    FAILED: cmTC_57f9d.exe 
    cmd.exe /C "cd . && D:\llvm\bin\clang.exe -fuse-ld=lld-link -nostartfiles -nostdlib -g -Xclang -gcodeview -O0 -D_DEBUG -D_DLL -D_MT -Xclang --dependent-lib=msvcrtd -Xlinker /subsystem:console CMakeFiles/cmTC_57f9d.dir/testCCompiler.c.obj -o cmTC_57f9d.exe -Xlinker /MANIFEST:EMBED -Xlinker /implib:cmTC_57f9d.lib -Xlinker /pdb:cmTC_57f9d.pdb -Xlinker /version:0.0   -lkernel32 -luser32 -lgdi32 -lwinspool -lshell32 -lole32 -loleaut32 -luuid -lcomdlg32 -ladvapi32 -loldnames  && cd ."
    lld-link: error: could not open 'kernel32.lib': no such file or directory
    lld-link: error: could not open 'user32.lib': no such file or directory
    lld-link: error: could not open 'gdi32.lib': no such file or directory
    lld-link: error: could not open 'winspool.lib': no such file or directory
    lld-link: error: could not open 'shell32.lib': no such file or directory
    lld-link: error: could not open 'ole32.lib': no such file or directory
    lld-link: error: could not open 'oleaut32.lib': no such file or directory
    lld-link: error: could not open 'uuid.lib': no such file or directory
    lld-link: error: could not open 'comdlg32.lib': no such file or directory
    lld-link: error: could not open 'advapi32.lib': no such file or directory
    lld-link: error: could not open 'oldnames.lib': no such file or directory
    lld-link: error: could not open 'msvcrtd.lib': no such file or directory
    clang: error: linker command failed with exit code 1 (use -v to see invocation)
    ninja: build stopped: subcommand failed.
    
    

  

  CMake will not be able to correctly generate this project.
Call Stack (most recent call first):
  CMakeLists.txt:4 (project)


-- Configuring incomplete, errors occurred!
See also "E:/code_workplace/eredis/data-process/cmake-build-debug-system/CMakeFiles/CMakeOutput.log".
See also "E:/code_workplace/eredis/data-process/cmake-build-debug-system/CMakeFiles/CMakeError.log".
